<?xml version="1.0" encoding="UTF-8"?>
<!-- Generated by org.testng.reporters.JUnitReportReporter -->
<testsuite skipped="0" hostname="LHTU05CG9309MY6" name="api_pkg.DelBook" tests="3" failures="0" timestamp="30 Sep 2022 02:34:01 GMT" time="4.859" errors="0">
  <testcase name="DeleteBook" time="0.469" classname="api_pkg.DelBook"/>
  <testcase name="DeleteBook" time="4.073" classname="api_pkg.DelBook"/>
  <testcase name="DeleteBook" time="0.317" classname="api_pkg.DelBook"/>
</testsuite> <!-- api_pkg.DelBook -->
