<?xml version="1.0" encoding="UTF-8"?>
<!-- Generated by org.testng.reporters.JUnitReportReporter -->
<testsuite skipped="0" hostname="LHTU05CG9309MY6" name="api_pkg.SumValidation" tests="1" failures="0" timestamp="28 Sep 2022 17:49:14 GMT" time="1.860" errors="0">
  <testcase name="sumOfCourses" time="1.860" classname="api_pkg.SumValidation"/>
</testsuite> <!-- api_pkg.SumValidation -->
