<?xml version="1.0" encoding="UTF-8"?>
<!-- Generated by org.testng.reporters.JUnitReportReporter -->
<testsuite skipped="0" hostname="LHTU05CG9309MY6" name="api_pkg.DynamicJson" tests="3" failures="0" timestamp="29 Sep 2022 03:03:00 GMT" time="4.924" errors="0">
  <testcase name="AddBook" time="3.889" classname="api_pkg.DynamicJson"/>
  <testcase name="AddBook" time="0.641" classname="api_pkg.DynamicJson"/>
  <testcase name="AddBook" time="0.394" classname="api_pkg.DynamicJson"/>
</testsuite> <!-- api_pkg.DynamicJson -->
